{
  "stats": {
    "suites": 3,
    "tests": 6,
    "passes": 5,
    "pending": 0,
    "failures": 1,
    "start": "2023-09-11T11:55:59.792Z",
    "end": "2023-09-11T11:56:01.180Z",
    "duration": 1388,
    "testsRegistered": 6,
    "passPercent": 83.33333333333334,
    "pendingPercent": 0,
    "other": 0,
    "hasOther": false,
    "skipped": 0,
    "hasSkipped": false
  },
  "results": [
    {
      "uuid": "22da0a3e-d48c-440f-a492-5a9d1b47f330",
      "title": "",
      "fullFile": "",
      "file": "",
      "beforeHooks": [],
      "afterHooks": [],
      "tests": [],
      "suites": [
        {
          "uuid": "d52f8660-3032-4e1e-be30-a10ffcb05f93",
          "title": "Chai Assert - Post Create User",
          "fullFile": "/Users/jonsonrpsitohang/Documents/JavaScript API (Mocha Chai)/Tests/API/chaiAssert.js",
          "file": "/Tests/API/chaiAssert.js",
          "beforeHooks": [],
          "afterHooks": [],
          "tests": [
            {
              "title": "response status equal to 201",
              "fullTitle": "Chai Assert - Post Create User response status equal to 201",
              "timedOut": false,
              "duration": 516,
              "state": "passed",
              "speed": "slow",
              "pass": true,
              "fail": false,
              "pending": false,
              "context": null,
              "code": "expect((await response).status).to.equal(201)",
              "err": {},
              "uuid": "90166b2e-e45f-4679-99a8-bf720af52694",
              "parentUUID": "d52f8660-3032-4e1e-be30-a10ffcb05f93",
              "isHook": false,
              "skipped": false
            },
            {
              "title": "response body to have property",
              "fullTitle": "Chai Assert - Post Create User response body to have property",
              "timedOut": false,
              "duration": 1,
              "state": "passed",
              "speed": "fast",
              "pass": true,
              "fail": false,
              "pending": false,
              "context": null,
              "code": "expect((await response).body).to.haveOwnProperty(`createdAt`)",
              "err": {},
              "uuid": "68e8a2bc-5fa1-4f5c-98a9-c26c1d381026",
              "parentUUID": "d52f8660-3032-4e1e-be30-a10ffcb05f93",
              "isHook": false,
              "skipped": false
            }
          ],
          "suites": [],
          "passes": [
            "90166b2e-e45f-4679-99a8-bf720af52694",
            "68e8a2bc-5fa1-4f5c-98a9-c26c1d381026"
          ],
          "failures": [],
          "pending": [],
          "skipped": [],
          "duration": 517,
          "root": false,
          "rootEmpty": false,
          "_timeout": 2000
        },
        {
          "uuid": "5e1c2720-b677-450b-86c5-299d089569d9",
          "title": "Get List User",
          "fullFile": "/Users/jonsonrpsitohang/Documents/JavaScript API (Mocha Chai)/Tests/API/chaiAssert.js",
          "file": "/Tests/API/chaiAssert.js",
          "beforeHooks": [],
          "afterHooks": [],
          "tests": [
            {
              "title": "response status equal to 200",
              "fullTitle": "Get List User response status equal to 200",
              "timedOut": false,
              "duration": 253,
              "state": "passed",
              "speed": "slow",
              "pass": true,
              "fail": false,
              "pending": false,
              "context": null,
              "code": "expect((await response).status).to.equal(200)",
              "err": {},
              "uuid": "da3f0b6d-11b6-4b02-bf38-5ba24010211b",
              "parentUUID": "5e1c2720-b677-450b-86c5-299d089569d9",
              "isHook": false,
              "skipped": false
            },
            {
              "title": "response body to have property",
              "fullTitle": "Get List User response body to have property",
              "timedOut": false,
              "duration": 1,
              "state": "passed",
              "speed": "fast",
              "pass": true,
              "fail": false,
              "pending": false,
              "context": null,
              "code": "expect((await response).body).to.haveOwnProperty(`page`)\nexpect((await response).body).to.haveOwnProperty(`per_page`)\nexpect((await response).body).to.haveOwnProperty(`total`)\nexpect((await response).body).to.haveOwnProperty(`total_pages`)",
              "err": {},
              "uuid": "823cdf31-f992-4155-a8c7-8aa74ac1e9a3",
              "parentUUID": "5e1c2720-b677-450b-86c5-299d089569d9",
              "isHook": false,
              "skipped": false
            }
          ],
          "suites": [],
          "passes": [
            "da3f0b6d-11b6-4b02-bf38-5ba24010211b",
            "823cdf31-f992-4155-a8c7-8aa74ac1e9a3"
          ],
          "failures": [],
          "pending": [],
          "skipped": [],
          "duration": 254,
          "root": false,
          "rootEmpty": false,
          "_timeout": 2000
        },
        {
          "uuid": "5ea31d3f-b208-45e2-8ead-7c29d52008e9",
          "title": "Put Update User",
          "fullFile": "/Users/jonsonrpsitohang/Documents/JavaScript API (Mocha Chai)/Tests/API/chaiAssert.js",
          "file": "/Tests/API/chaiAssert.js",
          "beforeHooks": [],
          "afterHooks": [],
          "tests": [
            {
              "title": "response status equal to 200",
              "fullTitle": "Put Update User response status equal to 200",
              "timedOut": false,
              "duration": 602,
              "state": "passed",
              "speed": "slow",
              "pass": true,
              "fail": false,
              "pending": false,
              "context": null,
              "code": "expect((await response).status).to.equal(200)",
              "err": {},
              "uuid": "59817808-86af-414c-a45b-61709c40f412",
              "parentUUID": "5ea31d3f-b208-45e2-8ead-7c29d52008e9",
              "isHook": false,
              "skipped": false
            },
            {
              "title": "response body to have property",
              "fullTitle": "Put Update User response body to have property",
              "timedOut": false,
              "duration": 3,
              "state": "failed",
              "speed": null,
              "pass": false,
              "fail": true,
              "pending": false,
              "context": null,
              "code": "expect((await response).body).to.haveOwnProperty(`name`)\nexpect((await response).body).to.haveOwnProperty(`job`)",
              "err": {
                "message": "AssertionError: expected { Object (updatedAt) } to have own property 'name'",
                "estack": "AssertionError: expected { Object (updatedAt) } to have own property 'name'\n    at Context.<anonymous> (Tests/API/chaiAssert.js:46:42)",
                "diff": null
              },
              "uuid": "7390b7de-32ee-4363-bb44-297d30bd3909",
              "parentUUID": "5ea31d3f-b208-45e2-8ead-7c29d52008e9",
              "isHook": false,
              "skipped": false
            }
          ],
          "suites": [],
          "passes": [
            "59817808-86af-414c-a45b-61709c40f412"
          ],
          "failures": [
            "7390b7de-32ee-4363-bb44-297d30bd3909"
          ],
          "pending": [],
          "skipped": [],
          "duration": 605,
          "root": false,
          "rootEmpty": false,
          "_timeout": 2000
        }
      ],
      "passes": [],
      "failures": [],
      "pending": [],
      "skipped": [],
      "duration": 0,
      "root": true,
      "rootEmpty": true,
      "_timeout": 2000
    }
  ],
  "meta": {
    "mocha": {
      "version": "10.2.0"
    },
    "mochawesome": {
      "options": {
        "quiet": false,
        "reportFilename": "mochawesome",
        "saveHtml": true,
        "saveJson": true,
        "consoleReporter": "spec",
        "useInlineDiffs": false,
        "code": true
      },
      "version": "7.1.3"
    },
    "marge": {
      "options": null,
      "version": "6.2.0"
    }
  }
}